<?xml version="1.0" encoding="UTF-8"?>
<!-- Generated by org.testng.reporters.JUnitReportReporter -->
<testsuite skipped="0" hostname="MJ" name="TestNGPackage.NewTest" tests="2" failures="0" timestamp="22 Oct 2017 05:46:17 GMT" time="51.885" errors="0">
  <testcase name="capitalgroup" time="39.764" classname="TestNGPackage.NewTest"/>
  <testcase name="verifyHomepageTitle" time="12.121" classname="TestNGPackage.NewTest"/>
</testsuite> <!-- TestNGPackage.NewTest -->
