<?xml version="1.0" encoding="UTF-8"?>
<!-- Generated by org.testng.reporters.JUnitReportReporter -->
<testsuite skipped="0" hostname="MJ" name="TestNGPackage.NewTest" tests="1" failures="0" timestamp="21 Oct 2017 02:53:21 GMT" time="25.272" errors="0">
  <testcase name="verifyHomepageTitle" time="25.272" classname="TestNGPackage.NewTest"/>
</testsuite> <!-- TestNGPackage.NewTest -->
