<?xml version="1.0" encoding="UTF-8"?>
<!-- Generated by org.testng.reporters.JUnitReportReporter -->
<testsuite skipped="0" hostname="MJ" name="TestNGPackage.NewTest1" tests="2" failures="0" timestamp="22 Oct 2017 05:46:17 GMT" time="53.330" errors="0">
  <testcase name="capitalgroup" time="42.322" classname="TestNGPackage.NewTest1"/>
  <testcase name="verifyHomepageTitle" time="11.008" classname="TestNGPackage.NewTest1"/>
</testsuite> <!-- TestNGPackage.NewTest1 -->
