<?xml version="1.0" encoding="UTF-8"?>
<!-- Generated by org.testng.reporters.JUnitReportReporter -->
<testsuite skipped="2" hostname="MJ" name="TestNGPackage.NewTest1" tests="2" failures="0" timestamp="24 Oct 2017 01:51:03 GMT" time="0.000" errors="0">
  <testcase name="verifyHomepageTitle" time="0.000" classname="TestNGPackage.NewTest1">
    <skipped/>
  </testcase> <!-- verifyHomepageTitle -->
  <testcase name="capitalgroup" time="0.000" classname="TestNGPackage.NewTest1">
    <skipped/>
  </testcase> <!-- capitalgroup -->
</testsuite> <!-- TestNGPackage.NewTest1 -->
